[ 2025-06-12 15:32:14,014 ] 18 root - INFO - Initiate the data ingestion
[ 2025-06-12 15:32:16,852 ] 72 root - INFO - Performed train test split on the dataframe.
[ 2025-06-12 15:32:16,852 ] 74 root - INFO - Exited split_data_as_train_test method of Data_ingestion class.
[ 2025-06-12 15:32:16,853 ] 79 root - INFO - Exporting train and test file path.
[ 2025-06-12 15:32:16,910 ] 84 root - INFO - Exported train test file path.
[ 2025-06-12 15:32:16,911 ] 21 root - INFO - Data initiation completed
[ 2025-06-12 15:32:16,915 ] 26 root - INFO - initiate the data validation
[ 2025-06-12 15:32:16,965 ] 40 root - INFO - Required number of columns: 2
[ 2025-06-12 15:32:16,965 ] 41 root - INFO - Data frame has columns: 31
[ 2025-06-12 15:32:16,965 ] 40 root - INFO - Required number of columns: 2
[ 2025-06-12 15:32:16,965 ] 41 root - INFO - Data frame has columns: 31
[ 2025-06-12 15:32:16,965 ] 54 root - INFO - Expected numerical columns from schema: ['having_IP_Address', 'URL_Length', 'Shortining_Service', 'having_At_Symbol', 'double_slash_redirecting', 'Prefix_Suffix', 'having_Sub_Domain', 'SSLfinal_State', 'Domain_registeration_length', 'Favicon', 'port', 'HTTPS_token', 'Request_URL', 'URL_of_Anchor', 'Links_in_tags', 'SFH', 'Submitting_to_email', 'Abnormal_URL', 'Redirect', 'on_mouseover', 'RightClick', 'popUpWidnow', 'Iframe', 'age_of_domain', 'DNSRecord', 'web_traffic', 'Page_Rank', 'Google_Index', 'Links_pointing_to_page', 'Statistical_report', 'Result']
[ 2025-06-12 15:32:16,965 ] 54 root - INFO - Expected numerical columns from schema: ['having_IP_Address', 'URL_Length', 'Shortining_Service', 'having_At_Symbol', 'double_slash_redirecting', 'Prefix_Suffix', 'having_Sub_Domain', 'SSLfinal_State', 'Domain_registeration_length', 'Favicon', 'port', 'HTTPS_token', 'Request_URL', 'URL_of_Anchor', 'Links_in_tags', 'SFH', 'Submitting_to_email', 'Abnormal_URL', 'Redirect', 'on_mouseover', 'RightClick', 'popUpWidnow', 'Iframe', 'age_of_domain', 'DNSRecord', 'web_traffic', 'Page_Rank', 'Google_Index', 'Links_pointing_to_page', 'Statistical_report', 'Result']
[ 2025-06-12 15:32:17,101 ] 29 root - INFO - Data validation completed
[ 2025-06-12 15:32:17,101 ] 32 root - INFO - data transformation started.
[ 2025-06-12 15:32:17,101 ] 67 root - INFO - Entered initiate_data_transfromation method of DataTransformation class.
[ 2025-06-12 15:32:17,101 ] 69 root - INFO - Starting data transformation.
[ 2025-06-12 15:32:17,123 ] 52 root - INFO - Entered get_data_transformer_object method of Transformation class.
[ 2025-06-12 15:32:17,123 ] 57 root - INFO - Initialises KNNImputer with {'missing_values': nan, 'n_neighbors': 3, 'weights': 'uniform'}
[ 2025-06-12 15:32:17,136 ] 51 root - INFO - Entered the save_object method of MainUtils class.
[ 2025-06-12 15:32:17,140 ] 55 root - INFO - Exited the save_object method of MainUtils class.
[ 2025-06-12 15:32:17,141 ] 38 root - INFO - data transformation completed.
[ 2025-06-12 15:32:17,141 ] 40 root - INFO - Model Training started.
