[ 2025-06-12 15:51:42,788 ] 18 root - INFO - Initiate the data ingestion
[ 2025-06-12 15:51:46,923 ] 72 root - INFO - Performed train test split on the dataframe.
[ 2025-06-12 15:51:46,923 ] 74 root - INFO - Exited split_data_as_train_test method of Data_ingestion class.
[ 2025-06-12 15:51:46,924 ] 79 root - INFO - Exporting train and test file path.
[ 2025-06-12 15:51:46,979 ] 84 root - INFO - Exported train test file path.
[ 2025-06-12 15:51:46,979 ] 21 root - INFO - Data initiation completed
[ 2025-06-12 15:51:46,985 ] 26 root - INFO - initiate the data validation
[ 2025-06-12 15:51:47,039 ] 40 root - INFO - Required number of columns: 2
[ 2025-06-12 15:51:47,039 ] 41 root - INFO - Data frame has columns: 31
[ 2025-06-12 15:51:47,039 ] 40 root - INFO - Required number of columns: 2
[ 2025-06-12 15:51:47,039 ] 41 root - INFO - Data frame has columns: 31
[ 2025-06-12 15:51:47,040 ] 54 root - INFO - Expected numerical columns from schema: ['having_IP_Address', 'URL_Length', 'Shortining_Service', 'having_At_Symbol', 'double_slash_redirecting', 'Prefix_Suffix', 'having_Sub_Domain', 'SSLfinal_State', 'Domain_registeration_length', 'Favicon', 'port', 'HTTPS_token', 'Request_URL', 'URL_of_Anchor', 'Links_in_tags', 'SFH', 'Submitting_to_email', 'Abnormal_URL', 'Redirect', 'on_mouseover', 'RightClick', 'popUpWidnow', 'Iframe', 'age_of_domain', 'DNSRecord', 'web_traffic', 'Page_Rank', 'Google_Index', 'Links_pointing_to_page', 'Statistical_report', 'Result']
[ 2025-06-12 15:51:47,040 ] 54 root - INFO - Expected numerical columns from schema: ['having_IP_Address', 'URL_Length', 'Shortining_Service', 'having_At_Symbol', 'double_slash_redirecting', 'Prefix_Suffix', 'having_Sub_Domain', 'SSLfinal_State', 'Domain_registeration_length', 'Favicon', 'port', 'HTTPS_token', 'Request_URL', 'URL_of_Anchor', 'Links_in_tags', 'SFH', 'Submitting_to_email', 'Abnormal_URL', 'Redirect', 'on_mouseover', 'RightClick', 'popUpWidnow', 'Iframe', 'age_of_domain', 'DNSRecord', 'web_traffic', 'Page_Rank', 'Google_Index', 'Links_pointing_to_page', 'Statistical_report', 'Result']
[ 2025-06-12 15:51:47,171 ] 29 root - INFO - Data validation completed
[ 2025-06-12 15:51:47,171 ] 32 root - INFO - data transformation started.
[ 2025-06-12 15:51:47,171 ] 67 root - INFO - Entered initiate_data_transfromation method of DataTransformation class.
[ 2025-06-12 15:51:47,171 ] 69 root - INFO - Starting data transformation.
[ 2025-06-12 15:51:47,192 ] 52 root - INFO - Entered get_data_transformer_object method of Transformation class.
[ 2025-06-12 15:51:47,192 ] 57 root - INFO - Initialises KNNImputer with {'missing_values': nan, 'n_neighbors': 3, 'weights': 'uniform'}
[ 2025-06-12 15:51:47,208 ] 51 root - INFO - Entered the save_object method of MainUtils class.
[ 2025-06-12 15:51:47,212 ] 55 root - INFO - Exited the save_object method of MainUtils class.
[ 2025-06-12 15:51:47,213 ] 38 root - INFO - data transformation completed.
[ 2025-06-12 15:51:47,213 ] 40 root - INFO - Model Training started.
[ 2025-06-12 15:53:30,696 ] 51 root - INFO - Entered the save_object method of MainUtils class.
[ 2025-06-12 15:53:30,702 ] 55 root - INFO - Exited the save_object method of MainUtils class.
[ 2025-06-12 15:53:30,702 ] 150 root - INFO - Model trainer artifact: ModelTrainerArtifact(trained_model_file_path='Artifacts\\06_12_2025_15_51_39\\model_trainer\\trained_model\\model.pkl', train_metric_artifact=ClassificationMetricArtifact(f1_score=0.9891227000101657, precision_score=0.9876167275680064, recall_score=0.9906332722459784), test_metric_artifact=ClassificationMetricArtifact(f1_score=0.975609756097561, precision_score=0.9721115537848606, recall_score=0.9791332263242376))
[ 2025-06-12 15:53:30,707 ] 44 root - INFO - Model trainer artifact created.
